Arguments: 
  /usr/local/bin/node /usr/local/bin/yarn

PATH: 
  /usr/local/Celler:/usr/local/bin:/usr/bin:/bin:/usr/sbin:/sbin:/usr/local/Celler

Yarn version: 
  1.12.3

Node version: 
  10.13.0

Platform: 
  darwin x64

Trace: 
  SyntaxError: /Users/dev4us/Documents/GitHub/WeMeet/backend/package.json: Unexpected end of JSON input
      at JSON.parse (<anonymous>)
      at /usr/local/lib/node_modules/yarn/lib/cli.js:1631:59
      at Generator.next (<anonymous>)
      at step (/usr/local/lib/node_modules/yarn/lib/cli.js:304:30)
      at /usr/local/lib/node_modules/yarn/lib/cli.js:315:13

npm manifest: 
  {
    "name": "wemeet-backend",
    "version": "1.0.0",
    "main": "index.js",
    "license": "MIT",
    "scripts": {
      "predev": "yarn run types",
      "dev": "cd src && nodemon --exec ts-node index.ts -e ts,graphql",
      "pretypes": "gql-merge --out-file ./src/schema.graphql ./src/api/**/*.graphql",
      "types": "graphql-to-typescript ./src/schema.graphql ./src/types/graphql.d.ts",
      "prebuild": "rm -rf dist",
      "build": "tsc",
      "postbuild": "cd src && copy ./api/**/*.graphql ../dist/api",
      "start": "node dist/index.js"
    },
    "devDependencies": {
      "@types/cors": "^2.8.4",
      "@types/dotenv": "^6.1.0",
      "@types/helmet": "^0.0.42",
      "@types/morgan": "^1.7.35",
      "@types/node": "^11.10.4",
      "babel-runtime": "^6.26.0",
      "gql-merge": "^0.0.6",
      "graphql-to-typescript": "^0.1.2",
      "nodemon": "^1.18.10",
      "ts-node": "^8.0.2",
      "tslint-config-prettier": "^1.18.0",
      "typescript": "^3.3.3333"
    },
    "dependencies": {
      "class-validator": "^0.9.1",
      "copy": "^0.3.2",
      "cors": "^2.8.5",
      "dotenv": "^6.2.0",
      "graphql-tools": "^4.0.4",
      "graphql-yoga": "^1.17.4",
      "hat": "^0.0.3",
      "helmet": "^3.15.1",
      "jsonwebtoken": "^8.5.0",
      "merge-graphql-schemas": "^1.5.8",
      "morgan": "^1.9.1",
      "pg": "^7.8.1",
      "typeorm": "^0.2.14"
    }

yarn manifest: 
  No manifest

Lockfile: 
  # THIS IS AN AUTOGENERATED FILE. DO NOT EDIT THIS FILE DIRECTLY.
  # yarn lockfile v1
